2018-04-03 15:55:37,438 - BrowserEngine - INFO - 你选择的浏览器是： Chrome.
2018-04-03 15:55:37,439 - BrowserEngine - INFO - 测试网址是: http://localhost/wordpress/wp-login.php
2018-04-03 15:55:42,608 - BrowserEngine - INFO - 开始启动Chrome.
2018-04-03 15:55:46,253 - BrowserEngine - INFO - 打开的网址是: http://localhost/wordpress/wp-login.php
2018-04-03 15:55:46,706 - BrowserEngine - INFO - 最大化当前窗口.
2018-04-03 15:55:46,713 - BrowserEngine - INFO - 设置隐式等待10s.
2018-04-03 15:55:47,090 - BasePage - INFO - 成功找到定位元素:by id via value: user_login 
2018-04-03 15:55:47,248 - BasePage - INFO - 在输入框输入：anjing
2018-04-03 15:55:47,316 - BasePage - INFO - 成功找到定位元素:by id via value: user_pass 
2018-04-03 15:55:47,508 - BasePage - INFO - 在输入框输入：anjing123456
2018-04-03 15:55:47,576 - BasePage - INFO - 成功找到定位元素:by id via value: wp-submit 
2018-04-03 15:55:53,278 - BasePage - INFO - 已经点击
2018-04-03 15:55:56,111 - BasePage - INFO - 成功截图并保存于文件夹：screenshot
2018-04-03 15:55:58,064 - BasePage - INFO - 后退一页
2018-04-03 15:55:58,237 - BasePage - INFO - 成功找到定位元素:by id via value: user_login 
2018-04-03 15:55:58,493 - BasePage - INFO - 在输入框输入：anjing
2018-04-03 15:55:58,559 - BasePage - INFO - 成功找到定位元素:by id via value: user_pass 
2018-04-03 15:55:58,773 - BasePage - INFO - 在输入框输入：123
2018-04-03 15:55:58,841 - BasePage - INFO - 成功找到定位元素:by id via value: wp-submit 
2018-04-03 15:56:00,722 - BasePage - INFO - 已经点击
2018-04-03 15:56:06,485 - BasePage - INFO - 成功截图并保存于文件夹：screenshot
