2018-04-03 14:56:56,823 - BrowserEngine - INFO - 你选择的浏览器是： Chrome.
2018-04-03 14:56:56,823 - BrowserEngine - INFO - 测试网址是: http://localhost/wordpress/wp-login.php
2018-04-03 14:57:00,881 - BrowserEngine - INFO - 开始启动Chrome.
2018-04-03 14:57:03,461 - BrowserEngine - INFO - 打开的网址是: http://localhost/wordpress/wp-login.php
2018-04-03 14:57:03,792 - BrowserEngine - INFO - 最大化当前窗口.
2018-04-03 14:57:03,793 - BrowserEngine - INFO - 设置隐式等待10s.
2018-04-03 14:57:13,975 - BasePage - INFO - 成功找到定位元素:by id via value: user_login 
2018-04-03 14:57:14,143 - BasePage - INFO - 在输入框输入：anjing
2018-04-03 14:57:14,246 - BasePage - INFO - 成功找到定位元素:by id via value: user_pass 
2018-04-03 14:57:14,476 - BasePage - INFO - 在输入框输入：anjing123456
2018-04-03 14:57:14,556 - BasePage - INFO - 成功找到定位元素:by id via value: wp-submit 
2018-04-03 14:57:22,116 - BasePage - INFO - 已经点击
2018-04-03 14:57:24,934 - BasePage - INFO - 成功截图并保存于文件夹：screenshot
2018-04-03 14:57:26,995 - BasePage - INFO - 后退一页
2018-04-03 14:57:27,132 - BasePage - INFO - 成功找到定位元素:by id via value: user_login 
2018-04-03 14:57:27,482 - BasePage - INFO - 在输入框输入：anjing
2018-04-03 14:57:27,572 - BasePage - INFO - 成功找到定位元素:by id via value: user_pass 
2018-04-03 14:57:27,872 - BasePage - INFO - 在输入框输入：123
2018-04-03 14:57:27,961 - BasePage - INFO - 成功找到定位元素:by id via value: wp-submit 
2018-04-03 14:57:30,184 - BasePage - INFO - 已经点击
2018-04-03 14:57:35,836 - BasePage - INFO - 成功截图并保存于文件夹：screenshot
