2018-04-03 15:13:47,698 - BrowserEngine - INFO - 你选择的浏览器是： Chrome.
2018-04-03 15:13:47,699 - BrowserEngine - INFO - 测试网址是: http://localhost/wordpress/wp-login.php
2018-04-03 15:13:52,323 - BrowserEngine - INFO - 开始启动Chrome.
2018-04-03 15:13:55,501 - BrowserEngine - INFO - 打开的网址是: http://localhost/wordpress/wp-login.php
2018-04-03 15:13:56,219 - BrowserEngine - INFO - 最大化当前窗口.
2018-04-03 15:13:56,222 - BrowserEngine - INFO - 设置隐式等待10s.
2018-04-03 15:14:06,399 - BasePage - INFO - 成功找到定位元素:by id via value: user_login 
2018-04-03 15:14:06,807 - BasePage - INFO - 在输入框输入：anjing
2018-04-03 15:14:06,928 - BasePage - INFO - 成功找到定位元素:by id via value: user_pass 
2018-04-03 15:14:07,217 - BasePage - INFO - 在输入框输入：anjing123456
2018-04-03 15:14:07,306 - BasePage - INFO - 成功找到定位元素:by id via value: wp-submit 
2018-04-03 15:14:13,514 - BasePage - INFO - 已经点击
2018-04-03 15:14:16,451 - BasePage - INFO - 成功截图并保存于文件夹：screenshot
2018-04-03 15:14:18,463 - BasePage - INFO - 后退一页
2018-04-03 15:14:18,624 - BasePage - INFO - 成功找到定位元素:by id via value: user_login 
2018-04-03 15:14:19,033 - BasePage - INFO - 在输入框输入：anjing
2018-04-03 15:14:19,096 - BasePage - INFO - 成功找到定位元素:by id via value: user_pass 
2018-04-03 15:14:19,275 - BasePage - INFO - 在输入框输入：123
2018-04-03 15:14:19,346 - BasePage - INFO - 成功找到定位元素:by id via value: wp-submit 
2018-04-03 15:14:21,327 - BasePage - INFO - 已经点击
2018-04-03 15:14:27,044 - BasePage - INFO - 成功截图并保存于文件夹：screenshot
