2018-04-03 14:32:42,284 - BrowserEngine - INFO - 你选择的浏览器是： Chrome.
2018-04-03 14:32:42,285 - BrowserEngine - INFO - 测试网址是: http://localhost/wordpress/wp-login.php
2018-04-03 14:32:47,469 - BrowserEngine - INFO - 开始启动Chrome.
2018-04-03 14:32:50,496 - BrowserEngine - INFO - 打开的网址是: http://localhost/wordpress/wp-login.php
2018-04-03 14:32:51,289 - BrowserEngine - INFO - 最大化当前窗口.
2018-04-03 14:32:51,294 - BrowserEngine - INFO - 设置隐式等待10s.
2018-04-03 14:32:51,463 - BasePage - INFO - 成功找到定位元素:by id via value: user_login 
2018-04-03 14:32:51,682 - BasePage - INFO - 在输入框输入：anjing
2018-04-03 14:32:51,761 - BasePage - INFO - 成功找到定位元素:by id via value: user_pass 
2018-04-03 14:32:51,967 - BasePage - INFO - 在输入框输入：anjing123456
2018-04-03 14:32:52,047 - BasePage - INFO - 成功找到定位元素:by id via value: wp-submit 
2018-04-03 14:32:56,786 - BasePage - INFO - 已经点击
2018-04-03 14:33:02,653 - BasePage - INFO - 成功截图并保存于文件夹：screenshot
2018-04-03 14:33:04,618 - BasePage - INFO - 后退一页
2018-04-03 14:33:04,843 - BasePage - INFO - 成功找到定位元素:by id via value: user_login 
2018-04-03 14:33:05,176 - BasePage - INFO - 在输入框输入：anjing
2018-04-03 14:33:05,280 - BasePage - INFO - 成功找到定位元素:by id via value: user_pass 
2018-04-03 14:33:05,530 - BasePage - INFO - 在输入框输入：123
2018-04-03 14:33:05,637 - BasePage - INFO - 成功找到定位元素:by id via value: wp-submit 
2018-04-03 14:33:07,962 - BasePage - INFO - 已经点击
2018-04-03 14:33:13,871 - BasePage - INFO - 成功截图并保存于文件夹：screenshot
