2018-04-03 20:47:05,268 - BrowserEngine - INFO - 你选择的浏览器是： Chrome.
2018-04-03 20:47:05,268 - BrowserEngine - INFO - 测试网址是: http://localhost/wordpress/wp-login.php
2018-04-03 20:47:09,179 - BrowserEngine - INFO - 开始启动Chrome.
2018-04-03 20:47:57,873 - BrowserEngine - INFO - 打开的网址是: http://localhost/wordpress/wp-login.php
2018-04-03 20:47:58,335 - BrowserEngine - INFO - 最大化当前窗口.
2018-04-03 20:47:58,337 - BrowserEngine - INFO - 设置隐式等待10s.
2018-04-03 20:47:58,409 - BasePage - INFO - 成功找到定位元素:by id via value: user_login 
2018-04-03 20:47:58,543 - BasePage - INFO - 在输入框输入：anjing
2018-04-03 20:47:58,641 - BasePage - INFO - 成功找到定位元素:by id via value: user_pass 
2018-04-03 20:47:58,820 - BasePage - INFO - 在输入框输入：anjing123456
2018-04-03 20:47:58,879 - BasePage - INFO - 成功找到定位元素:by id via value: wp-submit 
2018-04-03 20:48:06,904 - BasePage - INFO - 已经点击
2018-04-03 20:48:09,651 - BasePage - INFO - 成功截图并保存于文件夹：screenshot
2018-04-03 20:48:10,862 - BasePage - INFO - 后退一页
2018-04-03 20:48:10,924 - BasePage - INFO - 成功找到定位元素:by id via value: user_login 
2018-04-03 20:48:11,084 - BasePage - INFO - 在输入框输入：anjing
2018-04-03 20:48:11,130 - BasePage - INFO - 成功找到定位元素:by id via value: user_pass 
2018-04-03 20:48:11,236 - BasePage - INFO - 在输入框输入：123
2018-04-03 20:48:11,279 - BasePage - INFO - 成功找到定位元素:by id via value: wp-submit 
2018-04-03 20:48:12,419 - BasePage - INFO - 已经点击
2018-04-03 20:48:18,131 - BasePage - INFO - 成功截图并保存于文件夹：screenshot
2018-04-03 20:48:19,547 - BasePage - INFO - 刷新
