2018-04-03 14:24:31,059 - BrowserEngine - INFO - 你选择的浏览器是： Chrome.
2018-04-03 14:24:31,059 - BrowserEngine - INFO - 测试网址是: http://localhost/wordpress/wp-login.php
2018-04-03 14:24:36,606 - BrowserEngine - INFO - 开始启动Chrome.
2018-04-03 14:24:39,187 - BrowserEngine - INFO - 打开的网址是: http://localhost/wordpress/wp-login.php
2018-04-03 14:24:39,681 - BrowserEngine - INFO - 最大化当前窗口.
2018-04-03 14:24:39,685 - BrowserEngine - INFO - 设置隐式等待10s.
2018-04-03 14:24:39,815 - BasePage - INFO - 成功找到定位元素:by id via value: user_login 
2018-04-03 14:24:39,968 - BasePage - INFO - 在输入框输入：anjing
2018-04-03 14:24:40,032 - BasePage - INFO - 成功找到定位元素:by id via value: user_pass 
2018-04-03 14:24:40,198 - BasePage - INFO - 在输入框输入：anjing123456
2018-04-03 14:24:40,259 - BasePage - INFO - 成功找到定位元素:by id via value: wp-submit 
2018-04-03 14:24:45,905 - BasePage - INFO - 已经点击
2018-04-03 14:24:51,808 - BasePage - INFO - 成功截图并保存于文件夹：screenshot
2018-04-03 14:24:53,765 - BasePage - INFO - 后退一页
2018-04-03 14:24:53,880 - BasePage - INFO - 成功找到定位元素:by id via value: user_login 
2018-04-03 14:24:54,147 - BasePage - INFO - 在输入框输入：anjing
2018-04-03 14:24:54,224 - BasePage - INFO - 成功找到定位元素:by id via value: user_pass 
2018-04-03 14:24:54,364 - BasePage - INFO - 在输入框输入：123
2018-04-03 14:24:54,451 - BasePage - INFO - 成功找到定位元素:by id via value: wp-submit 
2018-04-03 14:24:56,673 - BasePage - INFO - 已经点击
2018-04-03 14:25:02,459 - BasePage - INFO - 成功截图并保存于文件夹：screenshot
