2018-04-03 15:52:05,651 - BrowserEngine - INFO - 你选择的浏览器是： Chrome.
2018-04-03 15:52:05,652 - BrowserEngine - INFO - 测试网址是: http://localhost/wordpress/wp-login.php
2018-04-03 15:52:10,321 - BrowserEngine - INFO - 开始启动Chrome.
2018-04-03 15:52:13,903 - BrowserEngine - INFO - 打开的网址是: http://localhost/wordpress/wp-login.php
2018-04-03 15:52:14,203 - BrowserEngine - INFO - 最大化当前窗口.
2018-04-03 15:52:14,206 - BrowserEngine - INFO - 设置隐式等待10s.
2018-04-03 15:52:14,756 - BasePage - INFO - 成功找到定位元素:by id via value: user_login 
2018-04-03 15:52:14,906 - BasePage - INFO - 在输入框输入：anjing
2018-04-03 15:52:14,969 - BasePage - INFO - 成功找到定位元素:by id via value: user_pass 
2018-04-03 15:52:15,122 - BasePage - INFO - 在输入框输入：anjing123456
2018-04-03 15:52:15,179 - BasePage - INFO - 成功找到定位元素:by id via value: wp-submit 
2018-04-03 15:52:21,730 - BasePage - INFO - 已经点击
2018-04-03 15:52:24,646 - BasePage - INFO - 成功截图并保存于文件夹：screenshot
2018-04-03 15:52:26,403 - BasePage - INFO - 后退一页
2018-04-03 15:52:26,645 - BasePage - INFO - 成功找到定位元素:by id via value: user_login 
2018-04-03 15:52:26,877 - BasePage - INFO - 在输入框输入：anjing
2018-04-03 15:52:26,925 - BasePage - INFO - 成功找到定位元素:by id via value: user_pass 
2018-04-03 15:52:27,069 - BasePage - INFO - 在输入框输入：123
2018-04-03 15:52:27,127 - BasePage - INFO - 成功找到定位元素:by id via value: wp-submit 
2018-04-03 15:52:28,518 - BasePage - INFO - 已经点击
2018-04-03 15:52:34,447 - BasePage - INFO - 成功截图并保存于文件夹：screenshot
