2018-04-03 15:48:48,449 - BrowserEngine - INFO - 你选择的浏览器是： Chrome.
2018-04-03 15:48:48,450 - BrowserEngine - INFO - 测试网址是: http://localhost/wordpress/wp-login.php
2018-04-03 15:48:53,744 - BrowserEngine - INFO - 开始启动Chrome.
2018-04-03 15:48:57,233 - BrowserEngine - INFO - 打开的网址是: http://localhost/wordpress/wp-login.php
2018-04-03 15:48:57,861 - BrowserEngine - INFO - 最大化当前窗口.
2018-04-03 15:48:57,864 - BrowserEngine - INFO - 设置隐式等待10s.
2018-04-03 15:48:58,346 - BasePage - INFO - 成功找到定位元素:by id via value: user_login 
2018-04-03 15:48:58,526 - BasePage - INFO - 在输入框输入：anjing
2018-04-03 15:48:58,605 - BasePage - INFO - 成功找到定位元素:by id via value: user_pass 
2018-04-03 15:48:58,813 - BasePage - INFO - 在输入框输入：anjing123456
2018-04-03 15:48:58,901 - BasePage - INFO - 成功找到定位元素:by id via value: wp-submit 
2018-04-03 15:49:04,428 - BasePage - INFO - 已经点击
2018-04-03 15:49:07,329 - BasePage - INFO - 成功截图并保存于文件夹：screenshot
2018-04-03 15:49:09,294 - BasePage - INFO - 后退一页
2018-04-03 15:49:09,506 - BasePage - INFO - 成功找到定位元素:by id via value: user_login 
2018-04-03 15:49:09,775 - BasePage - INFO - 在输入框输入：anjing
2018-04-03 15:49:09,858 - BasePage - INFO - 成功找到定位元素:by id via value: user_pass 
2018-04-03 15:49:10,123 - BasePage - INFO - 在输入框输入：123
2018-04-03 15:49:10,200 - BasePage - INFO - 成功找到定位元素:by id via value: wp-submit 
2018-04-03 15:49:12,446 - BasePage - INFO - 已经点击
2018-04-03 15:49:18,170 - BasePage - INFO - 成功截图并保存于文件夹：screenshot
