2018-04-10 22:19:37,174 - BrowserEngine - INFO - 你选择的浏览器是： Chrome.
2018-04-10 22:19:37,175 - BrowserEngine - INFO - 测试网址是: http://localhost/wordpress/wp-login.php
2018-04-10 22:19:43,447 - BrowserEngine - INFO - 开始启动Chrome.
2018-04-10 22:20:08,297 - BrowserEngine - INFO - 打开的网址是: http://localhost/wordpress/wp-login.php
2018-04-10 22:20:08,896 - BrowserEngine - INFO - 最大化当前窗口.
2018-04-10 22:20:08,898 - BrowserEngine - INFO - 设置隐式等待10s.
2018-04-10 22:20:09,031 - BasePage - INFO - Had find the element '  ' successful by id via value: user_login 
2018-04-10 22:20:09,300 - BasePage - INFO - Had type ' anjing ' in inputBox
2018-04-10 22:20:09,347 - BasePage - INFO - Had find the element '  ' successful by id via value: user_pass 
2018-04-10 22:20:09,605 - BasePage - INFO - Had type ' anjing123456 ' in inputBox
2018-04-10 22:20:09,687 - BasePage - INFO - Had find the element '  ' successful by id via value: wp-submit 
2018-04-10 22:20:15,791 - BasePage - INFO - Had take screenshot and save to folder : /screenshots
2018-04-10 22:20:17,628 - BasePage - INFO - Click back on current page.
2018-04-10 22:20:27,691 - BasePage - ERROR - NoSuchElementException: Message: no such element: Unable to locate element: {"method":"xpath","selector":"//*[@id ="wp-admin-bar-my-account"]/a"}
  (Session info: chrome=65.0.3325.181)
  (Driver info: chromedriver=2.35.528161 (5b82f2d2aae0ca24b877009200ced9065a772e73),platform=Windows NT 6.1.7601 SP1 x86_64)

2018-04-10 22:20:28,374 - BasePage - INFO - Had take screenshot and save to folder : /screenshots
2018-04-10 22:20:28,474 - BasePage - INFO - Had find the element '  ' successful by id via value: user_login 
2018-04-10 22:20:28,726 - BasePage - INFO - Had type ' anjing ' in inputBox
2018-04-10 22:20:28,794 - BasePage - INFO - Had find the element '  ' successful by id via value: user_pass 
2018-04-10 22:20:28,987 - BasePage - INFO - Had type ' anjing ' in inputBox
2018-04-10 22:20:29,063 - BasePage - INFO - Had find the element '  ' successful by id via value: wp-submit 
2018-04-10 22:20:32,074 - BasePage - INFO - Had take screenshot and save to folder : /screenshots
