2018-04-03 15:02:34,545 - BrowserEngine - INFO - 你选择的浏览器是： Chrome.
2018-04-03 15:02:34,545 - BrowserEngine - INFO - 测试网址是: http://localhost/wordpress/wp-login.php
2018-04-03 15:02:39,887 - BrowserEngine - INFO - 开始启动Chrome.
2018-04-03 15:02:43,311 - BrowserEngine - INFO - 打开的网址是: http://localhost/wordpress/wp-login.php
2018-04-03 15:02:44,088 - BrowserEngine - INFO - 最大化当前窗口.
2018-04-03 15:02:44,091 - BrowserEngine - INFO - 设置隐式等待10s.
2018-04-03 15:02:54,351 - BasePage - INFO - 成功找到定位元素:by id via value: user_login 
2018-04-03 15:02:54,650 - BasePage - INFO - 在输入框输入：anjing
2018-04-03 15:02:54,788 - BasePage - INFO - 成功找到定位元素:by id via value: user_pass 
2018-04-03 15:02:55,039 - BasePage - INFO - 在输入框输入：anjing123456
2018-04-03 15:02:55,109 - BasePage - INFO - 成功找到定位元素:by id via value: wp-submit 
2018-04-03 15:03:01,329 - BasePage - INFO - 已经点击
2018-04-03 15:03:04,169 - BasePage - INFO - 成功截图并保存于文件夹：screenshot
2018-04-03 15:03:05,848 - BasePage - INFO - 后退一页
2018-04-03 15:03:05,998 - BasePage - INFO - 成功找到定位元素:by id via value: user_login 
2018-04-03 15:03:06,532 - BasePage - INFO - 在输入框输入：anjing
2018-04-03 15:03:06,704 - BasePage - INFO - 成功找到定位元素:by id via value: user_pass 
2018-04-03 15:03:07,034 - BasePage - INFO - 在输入框输入：123
2018-04-03 15:03:07,123 - BasePage - INFO - 成功找到定位元素:by id via value: wp-submit 
2018-04-03 15:03:09,087 - BasePage - INFO - 已经点击
2018-04-03 15:03:14,794 - BasePage - INFO - 成功截图并保存于文件夹：screenshot
