2018-04-03 15:45:40,364 - BrowserEngine - INFO - 你选择的浏览器是： Chrome.
2018-04-03 15:45:40,364 - BrowserEngine - INFO - 测试网址是: http://localhost/wordpress/wp-login.php
2018-04-03 15:45:45,639 - BrowserEngine - INFO - 开始启动Chrome.
2018-04-03 15:45:48,627 - BrowserEngine - INFO - 打开的网址是: http://localhost/wordpress/wp-login.php
2018-04-03 15:45:49,325 - BrowserEngine - INFO - 最大化当前窗口.
2018-04-03 15:45:49,327 - BrowserEngine - INFO - 设置隐式等待10s.
2018-04-03 15:45:49,466 - BasePage - INFO - 成功找到定位元素:by id via value: user_login 
2018-04-03 15:45:49,690 - BasePage - INFO - 在输入框输入：anjing
2018-04-03 15:45:49,761 - BasePage - INFO - 成功找到定位元素:by id via value: user_pass 
2018-04-03 15:45:49,933 - BasePage - INFO - 在输入框输入：anjing123456
2018-04-03 15:45:49,998 - BasePage - INFO - 成功找到定位元素:by id via value: wp-submit 
2018-04-03 15:45:56,108 - BasePage - INFO - 已经点击
2018-04-03 15:45:58,976 - BasePage - INFO - 成功截图并保存于文件夹：screenshot
2018-04-03 15:46:00,958 - BasePage - INFO - 后退一页
2018-04-03 15:46:01,086 - BasePage - INFO - 成功找到定位元素:by id via value: user_login 
2018-04-03 15:46:01,364 - BasePage - INFO - 在输入框输入：anjing
2018-04-03 15:46:01,454 - BasePage - INFO - 成功找到定位元素:by id via value: user_pass 
2018-04-03 15:46:01,654 - BasePage - INFO - 在输入框输入：123
2018-04-03 15:46:01,763 - BasePage - INFO - 成功找到定位元素:by id via value: wp-submit 
2018-04-03 15:46:03,522 - BasePage - INFO - 已经点击
2018-04-03 15:46:09,241 - BasePage - INFO - 成功截图并保存于文件夹：screenshot
