2018-04-10 22:26:33,918 - BrowserEngine - INFO - 你选择的浏览器是： Chrome.
2018-04-10 22:26:33,919 - BrowserEngine - INFO - 测试网址是: http://localhost/wordpress/wp-login.php
2018-04-10 22:26:39,142 - BrowserEngine - INFO - 开始启动Chrome.
2018-04-10 22:27:04,052 - BrowserEngine - INFO - 打开的网址是: http://localhost/wordpress/wp-login.php
2018-04-10 22:27:04,227 - BrowserEngine - INFO - 最大化当前窗口.
2018-04-10 22:27:04,228 - BrowserEngine - INFO - 设置隐式等待10s.
2018-04-10 22:27:04,279 - BasePage - INFO - Had find the element '  ' successful by id via value: user_login 
2018-04-10 22:27:04,398 - BasePage - INFO - Had type ' anjing ' in inputBox
2018-04-10 22:27:04,436 - BasePage - INFO - Had find the element '  ' successful by id via value: user_pass 
2018-04-10 22:27:04,790 - BasePage - INFO - Had type ' anjing123456 ' in inputBox
2018-04-10 22:27:05,149 - BasePage - INFO - Had find the element '  ' successful by id via value: wp-submit 
2018-04-10 22:27:11,419 - BasePage - INFO - Had take screenshot and save to folder : /screenshots
2018-04-10 22:27:12,989 - BasePage - INFO - Click back on current page.
2018-04-10 22:27:23,058 - BasePage - ERROR - NoSuchElementException: Message: no such element: Unable to locate element: {"method":"xpath","selector":"//*[@id ="wp-admin-bar-my-account"]/a"}
  (Session info: chrome=65.0.3325.181)
  (Driver info: chromedriver=2.35.528161 (5b82f2d2aae0ca24b877009200ced9065a772e73),platform=Windows NT 6.1.7601 SP1 x86_64)

2018-04-10 22:27:24,121 - BasePage - INFO - Had take screenshot and save to folder : /screenshots
2018-04-10 22:27:24,222 - BasePage - INFO - Had find the element '  ' successful by id via value: user_login 
2018-04-10 22:27:24,450 - BasePage - INFO - Had type ' anjing ' in inputBox
2018-04-10 22:27:24,546 - BasePage - INFO - Had find the element '  ' successful by id via value: user_pass 
2018-04-10 22:27:24,742 - BasePage - INFO - Had type ' anjing ' in inputBox
2018-04-10 22:27:24,836 - BasePage - INFO - Had find the element '  ' successful by id via value: wp-submit 
2018-04-10 22:27:28,206 - BasePage - INFO - Had take screenshot and save to folder : /screenshots
2018-04-10 22:27:31,092 - BrowserEngine - INFO - 你选择的浏览器是： Chrome.
2018-04-10 22:27:31,093 - BrowserEngine - INFO - 测试网址是: http://localhost/wordpress/wp-login.php
2018-04-10 22:27:36,363 - BrowserEngine - INFO - 开始启动Chrome.
2018-04-10 22:28:01,429 - BrowserEngine - INFO - 打开的网址是: http://localhost/wordpress/wp-login.php
2018-04-10 22:28:01,716 - BrowserEngine - INFO - 最大化当前窗口.
2018-04-10 22:28:01,719 - BrowserEngine - INFO - 设置隐式等待10s.
2018-04-10 22:28:01,836 - BasePage - INFO - Had find the element '  ' successful by id via value: user_login 
2018-04-10 22:28:02,034 - BasePage - INFO - Had type ' anjing ' in inputBox
2018-04-10 22:28:02,140 - BasePage - INFO - Had find the element '  ' successful by id via value: user_pass 
2018-04-10 22:28:02,309 - BasePage - INFO - Had type ' anjing ' in inputBox
2018-04-10 22:28:02,376 - BasePage - INFO - Had find the element '  ' successful by id via value: wp-submit 
2018-04-10 22:28:05,059 - BasePage - INFO - Had take screenshot and save to folder : /screenshots
